mvn : WARNING: A 
restricted method in 
java.lang.System has 
been called
At line:1 char:1
+ mvn clean compile > 
build.log 2>&1
+ ~~~~~~~~~~~~~~~~~~~~
~~~~~~~~~~~~~~
    + CategoryInfo    
          : NotSpeci  
  fied: (WARNING: A   
  rest...has been     
called:String) []    
, RemoteException
    + FullyQualifiedE 
   rrorId : NativeCo  
  mmandError
 
WARNING: java.lang.Sys
tem::load has been 
called by org.fusesour
ce.jansi.internal.Jans
iLoader in an unnamed 
module (file:/C:/Users
/VishalGoswami/maven/a
pache-maven-3.9.9/lib/
jansi-2.4.1.jar)
WARNING: Use --enable-
native-access=ALL-UNNA
MED to avoid a 
warning for callers 
in this module
WARNING: Restricted 
methods will be 
blocked in a future 
release unless native 
access is enabled

WARNING: A terminally 
deprecated method in 
sun.misc.Unsafe has 
been called
WARNING: sun.misc.Unsa
fe::objectFieldOffset 
has been called by com
.google.common.util.co
ncurrent.AbstractFutur
e$UnsafeAtomicHelper (
file:/C:/Users/VishalG
oswami/maven/apache-ma
ven-3.9.9/lib/guava-33
.2.1-jre.jar)
WARNING: Please 
consider reporting 
this to the 
maintainers of class c
om.google.common.util.
concurrent.AbstractFut
ure$UnsafeAtomicHelper
WARNING: sun.misc.Unsa
fe::objectFieldOffset 
will be removed in a 
future release
[INFO] Scanning for projects...
[INFO] 
[INFO] ---------------------< sunny_group:Sunny_Printers >---------------------
[INFO] Building Sunny Printers 0.0.1-SNAPSHOT
[INFO]   from pom.xml
[INFO] --------------------------------[ jar ]---------------------------------
[INFO] 
[INFO] --- clean:3.2.0:clean (default-clean) @ Sunny_Printers ---
[INFO] Deleting C:\Users\VishalGoswami\eclipse-workspace\Sunny_Printers\target
[INFO] 
[INFO] --- resources:3.3.1:resources (default-resources) @ Sunny_Printers ---
[INFO] Copying 78 resources from src\main\resources to target\classes
[INFO] 
[INFO] --- compiler:3.13.0:compile (default-compile) @ Sunny_Printers ---
[INFO] Recompiling the module because of changed source code.
[INFO] Compiling 82 source files with javac [debug target 17] to target\classes
