[INFO] Scanning for projects...
[INFO] 
[INFO] ---------------------< sunny_group:Sunny_Printers >---------------------
[INFO] Building Sunny Printers 0.0.1-SNAPSHOT
[INFO]   from pom.xml
[INFO] --------------------------------[ jar ]---------------------------------
[INFO] 
[INFO] >>> javafx:0.0.8:run (default-cli) > process-classes @ Sunny_Printers >>>
[INFO] 
[INFO] --- resources:3.3.1:resources (default-resources) @ Sunny_Printers ---
[INFO] Copying 84 resources from src\main\resources to target\classes
[INFO] 
[INFO] --- compiler:3.13.0:compile (default-compile) @ Sunny_Printers ---
[INFO] Nothing to compile - all classes are up to date.
[INFO] 
[INFO] <<< javafx:0.0.8:run (default-cli) < process-classes @ Sunny_Printers <<<
[INFO] 
[INFO] 
[INFO] --- javafx:0.0.8:run (default-cli) @ Sunny_Printers ---
Apr 07, 2026 8:03:07 PM javafx.fxml.FXMLLoader$ValueElement processValue
WARNING: Loading FXML document with JavaFX API of version 25 by JavaFX runtime of version 23
DEBUG: setPageTitle called with: Dashboard
DEBUG: pageTitle set to: Dashboard | lastValidTitle is now: Dashboard
DEBUG: loadCenterScreen called with path: /fxml/dashboard_ui.fxml | pushToHistory: true
DEBUG: Preparing to push to NavigationManager... Using lastValidTitle: Dashboard
DEBUG: loadCenterScreen finished pushing/setting. lastValidTitle is now: Dashboard
DEBUG: setPageTitle called with: Dashboard
DEBUG: pageTitle set to: Dashboard | lastValidTitle is now: Dashboard
? All tables are created and ready!
Failed to fetch recent dashboard jobs: [SQLITE_ERROR] SQL error or missing database (no such column: c.name)
DEBUG: setPageTitle called with: Job Details
DEBUG: pageTitle set to: Job Details | lastValidTitle is now: Job Details
DEBUG: loadCenterScreen called with path: /fxml/view_job.fxml | pushToHistory: true
DEBUG: Preparing to push to NavigationManager... Using lastValidTitle: Job Details
DEBUG: loadCenterScreen finished pushing/setting. lastValidTitle is now: Job Details
javafx.fxml.LoadException: 
/C:/Users/VishalGoswami/eclipse-workspace/Sunny_Printers/target/classes/fxml/view_job.fxml:10

	at javafx.fxml@23/javafx.fxml.FXMLLoader.constructLoadException(FXMLLoader.java:2727)
	at javafx.fxml@23/javafx.fxml.FXMLLoader$ValueElement.processAttribute(FXMLLoader.java:946)
	at javafx.fxml@23/javafx.fxml.FXMLLoader$InstanceDeclarationElement.processAttribute(FXMLLoader.java:983)
	at javafx.fxml@23/javafx.fxml.FXMLLoader$Element.processStartElement(FXMLLoader.java:230)
	at javafx.fxml@23/javafx.fxml.FXMLLoader$ValueElement.processStartElement(FXMLLoader.java:757)
	at javafx.fxml@23/javafx.fxml.FXMLLoader.processStartElement(FXMLLoader.java:2858)
	at javafx.fxml@23/javafx.fxml.FXMLLoader.loadImpl(FXMLLoader.java:2654)
	at javafx.fxml@23/javafx.fxml.FXMLLoader.loadImpl(FXMLLoader.java:2568)
	at javafx.fxml@23/javafx.fxml.FXMLLoader.load(FXMLLoader.java:2536)
	at controller.MainController.lambda$loadCenterScreen$7(MainController.java:293)
	at java.base/java.lang.Thread.run(Thread.java:1583)
Caused by: java.lang.reflect.InvocationTargetException
	at java.base/jdk.internal.reflect.DirectConstructorHandleAccessor.newInstance(DirectConstructorHandleAccessor.java:74)
	at java.base/java.lang.reflect.Constructor.newInstanceWithCaller(Constructor.java:502)
	at java.base/java.lang.reflect.Constructor.newInstance(Constructor.java:486)
	at javafx.fxml@23/javafx.fxml.FXMLLoader$ValueElement.processAttribute(FXMLLoader.java:941)
	... 9 more
Caused by: java.lang.Error: Unresolved compilation problems: 
	The import model cannot be resolved
	The import model cannot be resolved
	The import model cannot be resolved
	The import service cannot be resolved
	The import service cannot be resolved
	The import service cannot be resolved
	The import utils cannot be resolved
	ClientService cannot be resolved to a type
	ClientService cannot be resolved to a type
	JobService cannot be resolved to a type
	JobService cannot be resolved to a type
	Job cannot be resolved to a type
	Client cannot be resolved to a type
	Job cannot be resolved to a type
	Job cannot be resolved to a type
	Job cannot be resolved to a type
	Job cannot be resolved to a type
	Job cannot be resolved to a type
	Job cannot be resolved to a type
	Job cannot be resolved to a type
	Job cannot be resolved to a type
	Job cannot be resolved to a type
	Job cannot be resolved to a type
	Job cannot be resolved to a type
	Job cannot be resolved to a type
	Job cannot be resolved to a type
	Job cannot be resolved to a type
	Job cannot be resolved to a type
	Client cannot be resolved to a type
	Client cannot be resolved to a type
	Client cannot be resolved to a type
	Client cannot be resolved to a type
	Client cannot be resolved to a type
	ClientService cannot be resolved to a type
	Client cannot be resolved to a type
	Client cannot be resolved to a type
	Job cannot be resolved to a type
	Job cannot be resolved to a type
	Job cannot be resolved to a type
	Job cannot be resolved to a type
	Job cannot be resolved to a type
	Job cannot be resolved to a type
	Job cannot be resolved to a type
	Job cannot be resolved to a type
	Job cannot be resolved to a type
	Job cannot be resolved to a type
	Job cannot be resolved to a type
	Job cannot be resolved to a type
	Job cannot be resolved to a type
	Job cannot be resolved to a type
	Job cannot be resolved to a type
	Job cannot be resolved to a type
	Job cannot be resolved to a type
	Job cannot be resolved to a type
	Job cannot be resolved to a type
	Job cannot be resolved to a type
	Job cannot be resolved to a type
	Job cannot be resolved to a type
	Job cannot be resolved to a type
	Job cannot be resolved to a type
	Job cannot be resolved to a type
	Job cannot be resolved to a type
	Job cannot be resolved to a type
	Job cannot be resolved to a type
	Job cannot be resolved to a type
	Job cannot be resolved to a type
	Job cannot be resolved to a type
	service cannot be resolved to a type
	service cannot be resolved to a type
	model cannot be resolved to a type
	model cannot be resolved to a type
	model cannot be resolved to a type
	model cannot be resolved to a type
	model cannot be resolved
	Job cannot be resolved to a type
	Job cannot be resolved to a type
	Job cannot be resolved to a type
	Job cannot be resolved to a type
	Job cannot be resolved to a type
	JobService cannot be resolved to a type
	Job cannot be resolved to a type
	Client cannot be resolved to a type
	Client cannot be resolved to a type
	Job cannot be resolved to a type
	JobService cannot be resolved to a type
	Job cannot be resolved to a type
	Job cannot be resolved to a type
	Job cannot be resolved to a type
	Job cannot be resolved to a type
	Client cannot be resolved to a type
	Client cannot be resolved to a type
	Client cannot be resolved to a type
	Job cannot be resolved to a type
	JobService cannot be resolved to a type
	Job cannot be resolved to a type
	Client cannot be resolved to a type
	Client cannot be resolved to a type
	Client cannot be resolved to a type
	Job cannot be resolved to a type
	Client cannot be resolved to a type

	at controller.ViewJobsController.<init>(ViewJobsController.java:21)
	at java.base/jdk.internal.reflect.DirectConstructorHandleAccessor.newInstance(DirectConstructorHandleAccessor.java:62)
	... 12 more
[INFO] ------------------------------------------------------------------------
[INFO] BUILD SUCCESS
[INFO] ------------------------------------------------------------------------
[INFO] Total time:  16.005 s
[INFO] Finished at: 2026-04-07T20:03:19+05:30
[INFO] ------------------------------------------------------------------------
