mvn : WARNING: A 
restricted method in 
java.lang.System has 
been called
At line:1 char:1
+ mvn javafx:run > 
run_output.log 2>&1
+ ~~~~~~~~~~~~~~~~~~~~
~~~~~~~~~~~~~~~~
    + CategoryInfo    
          : NotSpeci  
  fied: (WARNING: A   
  rest...has been     
called:String) []    
, RemoteException
    + FullyQualifiedE 
   rrorId : NativeCo  
  mmandError
 
WARNING: java.lang.Sys
tem::load has been 
called by org.fusesour
ce.jansi.internal.Jans
iLoader in an unnamed 
module (file:/C:/Users
/VishalGoswami/maven/a
pache-maven-3.9.9/lib/
jansi-2.4.1.jar)
WARNING: Use --enable-
native-access=ALL-UNNA
MED to avoid a 
warning for callers 
in this module
WARNING: Restricted 
methods will be 
blocked in a future 
release unless native 
access is enabled

WARNING: A terminally 
deprecated method in 
sun.misc.Unsafe has 
been called
WARNING: sun.misc.Unsa
fe::objectFieldOffset 
has been called by com
.google.common.util.co
ncurrent.AbstractFutur
e$UnsafeAtomicHelper (
file:/C:/Users/VishalG
oswami/maven/apache-ma
ven-3.9.9/lib/guava-33
.2.1-jre.jar)
WARNING: Please 
consider reporting 
this to the 
maintainers of class c
om.google.common.util.
concurrent.AbstractFut
ure$UnsafeAtomicHelper
WARNING: sun.misc.Unsa
fe::objectFieldOffset 
will be removed in a 
future release
[INFO] Scanning for projects...
[INFO] 
[INFO] ---------------------< sunny_group:Sunny_Printers >---------------------
[INFO] Building Sunny Printers 0.0.1-SNAPSHOT
[INFO]   from pom.xml
[INFO] --------------------------------[ jar ]---------------------------------
[INFO] 
[INFO] >>> javafx:0.0.8:run (default-cli) > process-classes @ Sunny_Printers >>>
[INFO] 
[INFO] --- resources:3.3.1:resources (default-resources) @ Sunny_Printers ---
[INFO] Copying 78 resources from src\main\resources to target\classes
[INFO] 
[INFO] --- compiler:3.13.0:compile (default-compile) @ Sunny_Printers ---
[INFO] Nothing to compile - all classes are up to date.
[INFO] 
[INFO] <<< javafx:0.0.8:run (default-cli) < process-classes @ Sunny_Printers <<<
[INFO] 
[INFO] 
[INFO] --- javafx:0.0.8:run (default-cli) @ Sunny_Printers ---
WARNING: A restricted 
method in 
java.lang.System has 
been called
WARNING: java.lang.Sys
tem::load has been 
called by com.sun.glas
s.utils.NativeLibLoade
r in module 
javafx.graphics (file:
/C:/Users/VishalGoswam
i/.m2/repository/org/o
penjfx/javafx-graphics
/23/javafx-graphics-23
-win.jar)
WARNING: Use --enable-
native-access=javafx.g
raphics to avoid a 
warning for callers 
in this module
WARNING: Restricted 
methods will be 
blocked in a future 
release unless native 
access is enabled

Feb 20, 2026 6:05:41 
PM javafx.fxml.FXMLLoa
der$ValueElement 
processValue
WARNING: Loading FXML 
document with JavaFX 
API of version 25 by 
JavaFX runtime of 
version 23
WARNING: A terminally 
deprecated method in 
sun.misc.Unsafe has 
been called
WARNING: sun.misc.Unsa
fe::allocateMemory 
has been called by com
.sun.marlin.OffHeapArr
ay (file:/C:/Users/Vis
halGoswami/.m2/reposit
ory/org/openjfx/javafx
-graphics/23/javafx-gr
aphics-23-win.jar)
WARNING: Please 
consider reporting 
this to the 
maintainers of class c
om.sun.marlin.OffHeapA
rray
WARNING: sun.misc.Unsa
fe::allocateMemory 
will be removed in a 
future release
Exception in thread 
"Thread-4" 
java.lang.Error: 
Unresolved 
compilation problem: 
	DBConnection cannot 
be resolved

	at controller.ClientL
edgerController.loadCl
ients(ClientLedgerCont
roller.java:223)
	at controller.ClientL
edgerController.initia
lize(ClientLedgerContr
oller.java:96)
	at javafx.fxml@23/jav
afx.fxml.FXMLLoader.lo
adImpl(FXMLLoader.java
:2675)
	at javafx.fxml@23/jav
afx.fxml.FXMLLoader.lo
adImpl(FXMLLoader.java
:2568)
	at javafx.fxml@23/jav
afx.fxml.FXMLLoader.lo
ad(FXMLLoader.java:253
6)
	at controller.MainCon
troller.lambda$5(MainC
ontroller.java:271)
	at java.base/java.lan
g.Thread.run(Thread.ja
va:1474)
[INFO] ------------------------------------------------------------------------
[INFO] BUILD SUCCESS
[INFO] ------------------------------------------------------------------------
[INFO] Total time:  16.087 s
[INFO] Finished at: 2026-02-20T18:05:54+05:30
[INFO] ------------------------------------------------------------------------
